#
# A fatal error has been detected by the Java Runtime Environment:
#
#  EXCEPTION_ACCESS_VIOLATION (0xc0000005) at pc=0x000000006c7d9dc8, pid=6516, tid=0x0000000000005edc
#
# JRE version: Java(TM) SE Runtime Environment (8.0_144-b01) (build 1.8.0_144-b01)
# Java VM: Java HotSpot(TM) 64-Bit Server VM (25.144-b01 mixed mode windows-amd64 compressed oops)
# Problematic frame:
# V  [jvm.dll+0x159dc8]
#
# Failed to write core dump. Minidumps are not enabled by default on client versions of Windows
#
# If you would like to submit a bug report, please visit:
#   http://bugreport.java.com/bugreport/crash.jsp
#

---------------  T H R E A D  ---------------

Current thread (0x0000000003048800):  JavaThread "main" [_thread_in_vm, id=24284, stack(0x0000000002f40000,0x0000000003040000)]

siginfo: ExceptionCode=0xc0000005, reading address 0x0000000000000000

Registers:
RAX=0x0000000000000000, RBX=0x0000000003048800, RCX=0x0000000000000880, RDX=0x0000000000000000
RSP=0x000000000303df00, RBP=0x000000000000017f, RSI=0x0000000000000000, RDI=0x0000000000000000
R8 =0x0000000000000000, R9 =0x000000000000017f, R10=0x0000000003157f48, R11=0x000000006c8abc50
R12=0x0000000000000001, R13=0x0000000000000000, R14=0x000000000303e0b8, R15=0x0000000000000000
RIP=0x000000006c7d9dc8, EFLAGS=0x0000000000010246

Top of Stack: (sp=0x000000000303df00)
0x000000000303df00:   00000000031480e0 000000070243c050
0x000000000303df10:   000000000303df10 000000001991530f
0x000000000303df20:   000000000303df78 00000000199159a8
0x000000000303df30:   0000000000000000 0000000019915318
0x000000000303df40:   0000000000000000 000000000303df78
0x000000000303df50:   0000000003048800 000000000314835d
0x000000000303df60:   00000000216ef7e0 0000000000000000
0x000000000303df70:   00000000216ef7e0 0000000067542e9a
0x000000000303df80:   000000000303df80 00000000030489f8
0x000000000303df90:   000000000303dfd0 00000000199159a8
0x000000000303dfa0:   0000000000000000 0000000019915648
0x000000000303dfb0:   0000000000000000 000000000303dfd0
0x000000000303dfc0:   000000000303e028 000000000314835d
0x000000000303dfd0:   00000000216ef7e0 0000000000000002
0x000000000303dfe0:   000000000314835d 000000000303e080
0x000000000303dff0:   0000000000000000 0000000003157f74 

Instructions: (pc=0x000000006c7d9dc8)
0x000000006c7d9da8:   85 c0 75 0a 8b 43 30 a9 00 00 00 30 74 08 48 8b
0x000000006c7d9db8:   cb e8 d2 8e 0e 00 c7 83 70 02 00 00 06 00 00 00
0x000000006c7d9dc8:   4c 8b 06 48 63 15 fa a6 69 00 44 0f b6 0d 06 47
0x000000006c7d9dd8:   6b 00 8b 0d b8 79 64 00 4c 8b 15 a9 79 64 00 49 


Register to memory mapping:

RAX=0x0000000000000000 is an unknown value
RBX=0x0000000003048800 is a thread
RCX=0x0000000000000880 is an unknown value
RDX=0x0000000000000000 is an unknown value
RSP=0x000000000303df00 is pointing into the stack for thread: 0x0000000003048800
RBP=0x000000000000017f is an unknown value
RSI=0x0000000000000000 is an unknown value
RDI=0x0000000000000000 is an unknown value
R8 =0x0000000000000000 is an unknown value
R9 =0x000000000000017f is an unknown value
R10=0x0000000003157f48 is at code_begin+840 in an Interpreter codelet
method entry point (kind = native)  [0x0000000003157c00, 0x0000000003158560]  2400 bytes
R11=0x000000006c8abc50 is an unknown value
R12=0x0000000000000001 is an unknown value
R13=0x0000000000000000 is an unknown value
R14=0x000000000303e0b8 is pointing into the stack for thread: 0x0000000003048800
R15=0x0000000000000000 is an unknown value


Stack: [0x0000000002f40000,0x0000000003040000],  sp=0x000000000303df00,  free space=1015k
Native frames: (J=compiled Java code, j=interpreted, Vv=VM code, C=native code)
V  [jvm.dll+0x159dc8]
C  [jnotify_64bit.dll+0x2e9a]

Java frames: (J=compiled Java code, j=interpreted, Vv=VM code)
j  net.contentobjects.jnotify.win32.JNotify_win32.nativeAddWatch(Ljava/lang/String;JZ)I+0
j  net.contentobjects.jnotify.win32.JNotify_win32.addWatch(Ljava/lang/String;JZ)I+3
j  net.contentobjects.jnotify.win32.JNotifyAdapterWin32.addWatch(Ljava/lang/String;IZLnet/contentobjects/jnotify/JNotifyListener;)I+5
j  net.contentobjects.jnotify.JNotify.addWatch(Ljava/lang/String;IZLnet/contentobjects/jnotify/JNotifyListener;)I+7
j  com.zhaoyanyang.dfss.service.StartWatchingService.addMonitor(Lcom/zhaoyanyang/dfss/pojo/Task;)I+23
j  com.zhaoyanyang.dfss.test.TestSlaveNode.test()V+64
v  ~StubRoutines::call_stub
J 2013  sun.reflect.NativeMethodAccessorImpl.invoke0(Ljava/lang/reflect/Method;Ljava/lang/Object;[Ljava/lang/Object;)Ljava/lang/Object; (0 bytes) @ 0x0000000003835f7f [0x0000000003835f00+0x7f]
J 2012 C1 sun.reflect.NativeMethodAccessorImpl.invoke(Ljava/lang/Object;[Ljava/lang/Object;)Ljava/lang/Object; (104 bytes) @ 0x000000000383b77c [0x000000000383a580+0x11fc]
J 2723 C2 java.lang.reflect.Method.invoke(Ljava/lang/Object;[Ljava/lang/Object;)Ljava/lang/Object; (62 bytes) @ 0x0000000003ae0048 [0x0000000003adffa0+0xa8]
j  org.junit.runners.model.FrameworkMethod$1.runReflectiveCall()Ljava/lang/Object;+15
j  org.junit.internal.runners.model.ReflectiveCallable.run()Ljava/lang/Object;+1
j  org.junit.runners.model.FrameworkMethod.invokeExplosively(Ljava/lang/Object;[Ljava/lang/Object;)Ljava/lang/Object;+10
j  org.junit.internal.runners.statements.InvokeMethod.evaluate()V+12
j  org.springframework.test.context.junit4.statements.RunBeforeTestExecutionCallbacks.evaluate()V+19
j  org.springframework.test.context.junit4.statements.RunAfterTestExecutionCallbacks.evaluate()V+14
j  org.springframework.test.context.junit4.statements.RunBeforeTestMethodCallbacks.evaluate()V+19
j  org.springframework.test.context.junit4.statements.RunAfterTestMethodCallbacks.evaluate()V+14
j  org.springframework.test.context.junit4.statements.SpringRepeat.evaluate()V+82
j  org.junit.runners.ParentRunner.runLeaf(Lorg/junit/runners/model/Statement;Lorg/junit/runner/Description;Lorg/junit/runner/notification/RunNotifier;)V+17
j  org.springframework.test.context.junit4.SpringJUnit4ClassRunner.runChild(Lorg/junit/runners/model/FrameworkMethod;Lorg/junit/runner/notification/RunNotifier;)V+50
j  org.springframework.test.context.junit4.SpringJUnit4ClassRunner.runChild(Ljava/lang/Object;Lorg/junit/runner/notification/RunNotifier;)V+6
j  org.junit.runners.ParentRunner$3.run()V+12
j  org.junit.runners.ParentRunner$1.schedule(Ljava/lang/Runnable;)V+1
j  org.junit.runners.ParentRunner.runChildren(Lorg/junit/runner/notification/RunNotifier;)V+44
j  org.junit.runners.ParentRunner.access$000(Lorg/junit/runners/ParentRunner;Lorg/junit/runner/notification/RunNotifier;)V+2
j  org.junit.runners.ParentRunner$2.evaluate()V+8
j  org.springframework.test.context.junit4.statements.RunBeforeTestClassCallbacks.evaluate()V+11
j  org.springframework.test.context.junit4.statements.RunAfterTestClassCallbacks.evaluate()V+12
j  org.junit.runners.ParentRunner.run(Lorg/junit/runner/notification/RunNotifier;)V+20
j  org.springframework.test.context.junit4.SpringJUnit4ClassRunner.run(Lorg/junit/runner/notification/RunNotifier;)V+24
j  org.eclipse.jdt.internal.junit4.runner.JUnit4TestReference.run(Lorg/eclipse/jdt/internal/junit/runner/TestExecution;)V+72
j  org.eclipse.jdt.internal.junit.runner.TestExecution.run([Lorg/eclipse/jdt/internal/junit/runner/ITestReference;)V+17
j  org.eclipse.jdt.internal.junit.runner.RemoteTestRunner.runTests([Ljava/lang/String;Ljava/lang/String;Lorg/eclipse/jdt/internal/junit/runner/TestExecution;)V+61
j  org.eclipse.jdt.internal.junit.runner.RemoteTestRunner.runTests(Lorg/eclipse/jdt/internal/junit/runner/TestExecution;)V+10
j  org.eclipse.jdt.internal.junit.runner.RemoteTestRunner.run()V+70
j  org.eclipse.jdt.internal.junit.runner.RemoteTestRunner.main([Ljava/lang/String;)V+14
v  ~StubRoutines::call_stub

---------------  P R O C E S S  ---------------

Java Threads: ( => current thread )
  0x000000001e819000 JavaThread "spring.cloud.inetutils" daemon [_thread_blocked, id=14152, stack(0x000000001dd30000,0x000000001de30000)]
  0x000000001c427800 JavaThread "ReaderThread" [_thread_in_native, id=22272, stack(0x000000001c7b0000,0x000000001c8b0000)]
  0x000000001a1be000 JavaThread "Service Thread" daemon [_thread_blocked, id=5172, stack(0x000000001bdb0000,0x000000001beb0000)]
  0x000000001a18d800 JavaThread "C1 CompilerThread2" daemon [_thread_blocked, id=26112, stack(0x000000001bcb0000,0x000000001bdb0000)]
  0x000000001a186800 JavaThread "C2 CompilerThread1" daemon [_thread_in_native, id=23924, stack(0x000000001bbb0000,0x000000001bcb0000)]
  0x000000001a184800 JavaThread "C2 CompilerThread0" daemon [_thread_in_native, id=24828, stack(0x000000001bab0000,0x000000001bbb0000)]
  0x000000001a183800 JavaThread "Attach Listener" daemon [_thread_blocked, id=25508, stack(0x000000001b9b0000,0x000000001bab0000)]
  0x000000001b4f3800 JavaThread "Signal Dispatcher" daemon [_thread_blocked, id=16596, stack(0x000000001b8b0000,0x000000001b9b0000)]
  0x000000000313e000 JavaThread "Finalizer" daemon [_thread_blocked, id=9256, stack(0x000000001b3b0000,0x000000001b4b0000)]
  0x000000001a128800 JavaThread "Reference Handler" daemon [_thread_blocked, id=25784, stack(0x000000001b2b0000,0x000000001b3b0000)]
=>0x0000000003048800 JavaThread "main" [_thread_in_vm, id=24284, stack(0x0000000002f40000,0x0000000003040000)]

Other Threads:
  0x000000001a127800 VMThread [stack: 0x000000001b1b0000,0x000000001b2b0000] [id=24312]
  0x000000001b5c1000 WatcherThread [stack: 0x000000001beb0000,0x000000001bfb0000] [id=26316]

VM state:not at safepoint (normal execution)

VM Mutex/Monitor currently owned by a thread: None

Heap:
 PSYoungGen      total 169984K, used 124458K [0x0000000780c00000, 0x000000078dd00000, 0x00000007c0000000)
  eden space 154112K, 80% used [0x0000000780c00000,0x000000078858a930,0x000000078a280000)
  from space 15872K, 0% used [0x000000078b180000,0x000000078b180000,0x000000078c100000)
  to   space 15360K, 0% used [0x000000078a280000,0x000000078a280000,0x000000078b180000)
 ParOldGen       total 114688K, used 18907K [0x0000000702400000, 0x0000000709400000, 0x0000000780c00000)
  object space 114688K, 16% used [0x0000000702400000,0x0000000703676fc8,0x0000000709400000)
 Metaspace       used 36353K, capacity 38064K, committed 38272K, reserved 1083392K
  class space    used 4834K, capacity 5158K, committed 5248K, reserved 1048576K

Card table byte_map: [0x0000000012500000,0x0000000012af0000] byte_map_base: 0x000000000ecee000

Marking Bits: (ParMarkBitMap*) 0x000000006ce9d850
 Begin Bits: [0x00000000132f0000, 0x0000000016260000)
 End Bits:   [0x0000000016260000, 0x00000000191d0000)

Polling page: 0x0000000000df0000

CodeCache: size=245760Kb used=14465Kb max_used=14477Kb free=231294Kb
 bounds [0x0000000003140000, 0x0000000003f70000, 0x0000000012140000]
 total_blobs=4193 nmethods=3765 adapters=340
 compilation: enabled

Compilation events (10 events):
Event: 9.413 Thread 0x000000001a18d800 4128       2       org.springframework.context.event.GenericApplicationListenerAdapter::supportsEventType (65 bytes)
Event: 9.413 Thread 0x000000001a18d800 nmethod 4128 0x0000000003f60590 code [0x0000000003f60700, 0x0000000003f609d8]
Event: 9.456 Thread 0x000000001a18d800 4129       1       java.net.URLClassLoader::access$200 (5 bytes)
Event: 9.456 Thread 0x000000001a18d800 nmethod 4129 0x0000000003f602d0 code [0x0000000003f60420, 0x0000000003f60510]
Event: 9.461 Thread 0x000000001a18d800 4130       2       sun.misc.IOUtils::readFully (138 bytes)
Event: 9.461 Thread 0x000000001a18d800 nmethod 4130 0x0000000003f5f750 code [0x0000000003f5f900, 0x0000000003f5ffd8]
Event: 9.535 Thread 0x000000001a18d800 4131       2       java.nio.CharBuffer::allocate (22 bytes)
Event: 9.536 Thread 0x000000001a18d800 nmethod 4131 0x0000000003f5f150 code [0x0000000003f5f2c0, 0x0000000003f5f5f8]
Event: 9.536 Thread 0x000000001a18d800 4132       2       java.nio.HeapCharBuffer::<init> (13 bytes)
Event: 9.536 Thread 0x000000001a18d800 nmethod 4132 0x0000000003f5ec90 code [0x0000000003f5ee00, 0x0000000003f5f048]

GC Heap History (10 events):
Event: 4.693 GC heap before
{Heap before GC invocations=6 (full 1):
 PSYoungGen      total 80896K, used 80879K [0x0000000780c00000, 0x0000000787b00000, 0x00000007c0000000)
  eden space 73216K, 100% used [0x0000000780c00000,0x0000000785380000,0x0000000785380000)
  from space 7680K, 99% used [0x0000000787380000,0x0000000787afbf98,0x0000000787b00000)
  to   space 7680K, 0% used [0x0000000786c00000,0x0000000786c00000,0x0000000787380000)
 ParOldGen       total 84992K, used 10228K [0x0000000702400000, 0x0000000707700000, 0x0000000780c00000)
  object space 84992K, 12% used [0x0000000702400000,0x0000000702dfd1c8,0x0000000707700000)
 Metaspace       used 28261K, capacity 29258K, committed 29568K, reserved 1075200K
  class space    used 3720K, capacity 3911K, committed 3968K, reserved 1048576K
Event: 4.701 GC heap after
Heap after GC invocations=6 (full 1):
 PSYoungGen      total 105984K, used 7673K [0x0000000780c00000, 0x0000000788900000, 0x00000007c0000000)
  eden space 98304K, 0% used [0x0000000780c00000,0x0000000780c00000,0x0000000786c00000)
  from space 7680K, 99% used [0x0000000786c00000,0x000000078737e5d8,0x0000000787380000)
  to   space 11264K, 0% used [0x0000000787e00000,0x0000000787e00000,0x0000000788900000)
 ParOldGen       total 84992K, used 11665K [0x0000000702400000, 0x0000000707700000, 0x0000000780c00000)
  object space 84992K, 13% used [0x0000000702400000,0x0000000702f644c8,0x0000000707700000)
 Metaspace       used 28261K, capacity 29258K, committed 29568K, reserved 1075200K
  class space    used 3720K, capacity 3911K, committed 3968K, reserved 1048576K
}
Event: 5.383 GC heap before
{Heap before GC invocations=7 (full 1):
 PSYoungGen      total 105984K, used 105977K [0x0000000780c00000, 0x0000000788900000, 0x00000007c0000000)
  eden space 98304K, 100% used [0x0000000780c00000,0x0000000786c00000,0x0000000786c00000)
  from space 7680K, 99% used [0x0000000786c00000,0x000000078737e5d8,0x0000000787380000)
  to   space 11264K, 0% used [0x0000000787e00000,0x0000000787e00000,0x0000000788900000)
 ParOldGen       total 84992K, used 11665K [0x0000000702400000, 0x0000000707700000, 0x0000000780c00000)
  object space 84992K, 13% used [0x0000000702400000,0x0000000702f644c8,0x0000000707700000)
 Metaspace       used 31418K, capacity 32470K, committed 32640K, reserved 1077248K
  class space    used 4113K, capacity 4353K, committed 4480K, reserved 1048576K
Event: 5.395 GC heap after
Heap after GC invocations=7 (full 1):
 PSYoungGen      total 114688K, used 11242K [0x0000000780c00000, 0x000000078b200000, 0x00000007c0000000)
  eden space 103424K, 0% used [0x0000000780c00000,0x0000000780c00000,0x0000000787100000)
  from space 11264K, 99% used [0x0000000787e00000,0x00000007888fab78,0x0000000788900000)
  to   space 13312K, 0% used [0x0000000787100000,0x0000000787100000,0x0000000787e00000)
 ParOldGen       total 84992K, used 13068K [0x0000000702400000, 0x0000000707700000, 0x0000000780c00000)
  object space 84992K, 15% used [0x0000000702400000,0x00000007030c31b0,0x0000000707700000)
 Metaspace       used 31418K, capacity 32470K, committed 32640K, reserved 1077248K
  class space    used 4113K, capacity 4353K, committed 4480K, reserved 1048576K
}
Event: 5.995 GC heap before
{Heap before GC invocations=8 (full 1):
 PSYoungGen      total 114688K, used 114666K [0x0000000780c00000, 0x000000078b200000, 0x00000007c0000000)
  eden space 103424K, 100% used [0x0000000780c00000,0x0000000787100000,0x0000000787100000)
  from space 11264K, 99% used [0x0000000787e00000,0x00000007888fab78,0x0000000788900000)
  to   space 13312K, 0% used [0x0000000787100000,0x0000000787100000,0x0000000787e00000)
 ParOldGen       total 84992K, used 13068K [0x0000000702400000, 0x0000000707700000, 0x0000000780c00000)
  object space 84992K, 15% used [0x0000000702400000,0x00000007030c31b0,0x0000000707700000)
 Metaspace       used 33746K, capacity 35146K, committed 35200K, reserved 1079296K
  class space    used 4444K, capacity 4703K, committed 4736K, reserved 1048576K
Event: 6.007 GC heap after
Heap after GC invocations=8 (full 1):
 PSYoungGen      total 116736K, used 13309K [0x0000000780c00000, 0x000000078c100000, 0x00000007c0000000)
  eden space 103424K, 0% used [0x0000000780c00000,0x0000000780c00000,0x0000000787100000)
  from space 13312K, 99% used [0x0000000787100000,0x0000000787dff640,0x0000000787e00000)
  to   space 15872K, 0% used [0x000000078b180000,0x000000078b180000,0x000000078c100000)
 ParOldGen       total 84992K, used 14860K [0x0000000702400000, 0x0000000707700000, 0x0000000780c00000)
  object space 84992K, 17% used [0x0000000702400000,0x0000000703283158,0x0000000707700000)
 Metaspace       used 33746K, capacity 35146K, committed 35200K, reserved 1079296K
  class space    used 4444K, capacity 4703K, committed 4736K, reserved 1048576K
}
Event: 6.084 GC heap before
{Heap before GC invocations=9 (full 1):
 PSYoungGen      total 116736K, used 23075K [0x0000000780c00000, 0x000000078c100000, 0x00000007c0000000)
  eden space 103424K, 9% used [0x0000000780c00000,0x00000007815898f8,0x0000000787100000)
  from space 13312K, 99% used [0x0000000787100000,0x0000000787dff640,0x0000000787e00000)
  to   space 15872K, 0% used [0x000000078b180000,0x000000078b180000,0x000000078c100000)
 ParOldGen       total 84992K, used 14860K [0x0000000702400000, 0x0000000707700000, 0x0000000780c00000)
  object space 84992K, 17% used [0x0000000702400000,0x0000000703283158,0x0000000707700000)
 Metaspace       used 33884K, capacity 35330K, committed 35416K, reserved 1079296K
  class space    used 4464K, capacity 4723K, committed 4736K, reserved 1048576K
Event: 6.100 GC heap after
Heap after GC invocations=9 (full 1):
 PSYoungGen      total 169984K, used 9040K [0x0000000780c00000, 0x000000078dd00000, 0x00000007c0000000)
  eden space 154112K, 0% used [0x0000000780c00000,0x0000000780c00000,0x000000078a280000)
  from space 15872K, 56% used [0x000000078b180000,0x000000078ba54388,0x000000078c100000)
  to   space 15360K, 0% used [0x000000078a280000,0x000000078a280000,0x000000078b180000)
 ParOldGen       total 84992K, used 19565K [0x0000000702400000, 0x0000000707700000, 0x0000000780c00000)
  object space 84992K, 23% used [0x0000000702400000,0x000000070371b690,0x0000000707700000)
 Metaspace       used 33884K, capacity 35330K, committed 35416K, reserved 1079296K
  class space    used 4464K, capacity 4723K, committed 4736K, reserved 1048576K
}
Event: 6.100 GC heap before
{Heap before GC invocations=10 (full 2):
 PSYoungGen      total 169984K, used 9040K [0x0000000780c00000, 0x000000078dd00000, 0x00000007c0000000)
  eden space 154112K, 0% used [0x0000000780c00000,0x0000000780c00000,0x000000078a280000)
  from space 15872K, 56% used [0x000000078b180000,0x000000078ba54388,0x000000078c100000)
  to   space 15360K, 0% used [0x000000078a280000,0x000000078a280000,0x000000078b180000)
 ParOldGen       total 84992K, used 19565K [0x0000000702400000, 0x0000000707700000, 0x0000000780c00000)
  object space 84992K, 23% used [0x0000000702400000,0x000000070371b690,0x0000000707700000)
 Metaspace       used 33884K, capacity 35330K, committed 35416K, reserved 1079296K
  class space    used 4464K, capacity 4723K, committed 4736K, reserved 1048576K
Event: 6.193 GC heap after
Heap after GC invocations=10 (full 2):
 PSYoungGen      total 169984K, used 0K [0x0000000780c00000, 0x000000078dd00000, 0x00000007c0000000)
  eden space 154112K, 0% used [0x0000000780c00000,0x0000000780c00000,0x000000078a280000)
  from space 15872K, 0% used [0x000000078b180000,0x000000078b180000,0x000000078c100000)
  to   space 15360K, 0% used [0x000000078a280000,0x000000078a280000,0x000000078b180000)
 ParOldGen       total 114688K, used 18907K [0x0000000702400000, 0x0000000709400000, 0x0000000780c00000)
  object space 114688K, 16% used [0x0000000702400000,0x0000000703676fc8,0x0000000709400000)
 Metaspace       used 33884K, capacity 35330K, committed 35416K, reserved 1079296K
  class space    used 4464K, capacity 4723K, committed 4736K, reserved 1048576K
}

Deoptimization events (10 events):
Event: 5.857 Thread 0x0000000003048800 Uncommon trap: reason=class_check action=maybe_recompile pc=0x00000000039df718 method=java.lang.reflect.Array.newInstance(Ljava/lang/Class;I)Ljava/lang/Object; @ 2
Event: 6.038 Thread 0x0000000003048800 Uncommon trap: reason=unstable_if action=reinterpret pc=0x0000000003cf9d98 method=org.springframework.beans.factory.support.AbstractBeanFactory.isTypeMatch(Ljava/lang/String;Lorg/springframework/core/ResolvableType;)Z @ 493
Event: 7.054 Thread 0x0000000003048800 Uncommon trap: reason=null_check action=make_not_entrant pc=0x0000000003e6e67c method=org.springframework.core.annotation.AnnotatedElementUtils.searchWithFindSemantics(Ljava/lang/reflect/AnnotatedElement;Ljava/lang/Class;Ljava/lang/String;Ljava/lang/Class
Event: 7.125 Thread 0x0000000003048800 Uncommon trap: reason=null_check action=make_not_entrant pc=0x000000000338014c method=org.springframework.util.ClassUtils.isAssignable(Ljava/lang/Class;Ljava/lang/Class;)Z @ 14
Event: 8.153 Thread 0x0000000003048800 Uncommon trap: reason=bimorphic action=maybe_recompile pc=0x0000000003c18e64 method=java.net.URL.<init>(Ljava/net/URL;Ljava/lang/String;Ljava/net/URLStreamHandler;)V @ 504
Event: 8.153 Thread 0x0000000003048800 Uncommon trap: reason=bimorphic action=maybe_recompile pc=0x0000000003c18e64 method=java.net.URL.<init>(Ljava/net/URL;Ljava/lang/String;Ljava/net/URLStreamHandler;)V @ 504
Event: 8.158 Thread 0x0000000003048800 Uncommon trap: reason=null_check action=make_not_entrant pc=0x0000000003eaafcc method=org.springframework.core.annotation.AnnotatedElementUtils.searchWithGetSemanticsInAnnotations(Ljava/lang/reflect/AnnotatedElement;Ljava/util/List;Ljava/lang/Class;Ljava/
Event: 8.234 Thread 0x0000000003048800 Uncommon trap: reason=unstable_if action=reinterpret pc=0x0000000003bef69c method=org.springframework.boot.context.properties.source.ConfigurationPropertyName.cleanupCharSequence(Ljava/lang/CharSequence;Lorg/springframework/boot/context/properties/source/
Event: 8.235 Thread 0x0000000003048800 Uncommon trap: reason=unstable_if action=reinterpret pc=0x0000000003ec2bc8 method=org.springframework.core.ResolvableType.getInterfaces()[Lorg/springframework/core/ResolvableType; @ 29
Event: 9.430 Thread 0x0000000003048800 Uncommon trap: reason=unstable_if action=reinterpret pc=0x00000000039a7ed8 method=java.util.LinkedHashMap.get(Ljava/lang/Object;)Ljava/lang/Object; @ 20

Internal exceptions (10 events):
Event: 9.370 Thread 0x0000000003048800 Exception <a 'java/lang/ClassNotFoundException': java/lang/ObjectCustomizer> (0x0000000786cf7048) thrown at [C:\re\workspace\8-2-build-windows-amd64-cygwin\jdk8u144\9417\hotspot\src\share\vm\classfile\systemDictionary.cpp, line 210]
Event: 9.371 Thread 0x0000000003048800 Exception <a 'java/lang/ClassNotFoundException': org/springframework/cloud/commons/httpclient/HttpClientConfigurationCustomizer> (0x0000000786d2a458) thrown at [C:\re\workspace\8-2-build-windows-amd64-cygwin\jdk8u144\9417\hotspot\src\share\vm\classfile\sy
Event: 9.372 Thread 0x0000000003048800 Exception <a 'java/lang/ClassNotFoundException': org/springframework/cloud/commons/httpclient/HttpClientConfiguration$$EnhancerBySpringCGLIB$$a0a3842Customizer> (0x0000000786d69048) thrown at [C:\re\workspace\8-2-build-windows-amd64-cygwin\jdk8u144\9417\h
Event: 9.373 Thread 0x0000000003048800 Exception <a 'java/lang/ClassNotFoundException': org/springframework/context/annotation/ConfigurationClassEnhancer$EnhancedConfigurationCustomizer> (0x0000000786da67b8) thrown at [C:\re\workspace\8-2-build-windows-amd64-cygwin\jdk8u144\9417\hotspot\src\sh
Event: 9.374 Thread 0x0000000003048800 Exception <a 'java/lang/ClassNotFoundException': java/lang/ObjectCustomizer> (0x0000000786db9328) thrown at [C:\re\workspace\8-2-build-windows-amd64-cygwin\jdk8u144\9417\hotspot\src\share\vm\classfile\systemDictionary.cpp, line 210]
Event: 9.374 Thread 0x0000000003048800 Exception <a 'java/lang/ClassNotFoundException': org/springframework/cloud/netflix/ribbon/eureka/RibbonEurekaAutoConfigurationCustomizer> (0x0000000786df0970) thrown at [C:\re\workspace\8-2-build-windows-amd64-cygwin\jdk8u144\9417\hotspot\src\share\vm\cla
Event: 9.375 Thread 0x0000000003048800 Exception <a 'java/lang/ClassNotFoundException': org/springframework/cloud/netflix/ribbon/eureka/RibbonEurekaAutoConfiguration$$EnhancerBySpringCGLIB$$bea99a93Customizer> (0x0000000786e34158) thrown at [C:\re\workspace\8-2-build-windows-amd64-cygwin\jdk8u
Event: 9.376 Thread 0x0000000003048800 Exception <a 'java/lang/ClassNotFoundException': org/springframework/context/annotation/ConfigurationClassEnhancer$EnhancedConfigurationCustomizer> (0x0000000786e72688) thrown at [C:\re\workspace\8-2-build-windows-amd64-cygwin\jdk8u144\9417\hotspot\src\sh
Event: 9.430 Thread 0x0000000003048800 Exception <a 'java/lang/ClassNotFoundException': java/lang/ObjectCustomizer> (0x000000078745ae70) thrown at [C:\re\workspace\8-2-build-windows-amd64-cygwin\jdk8u144\9417\hotspot\src\share\vm\classfile\systemDictionary.cpp, line 210]
Event: 9.431 Thread 0x0000000003048800 Exception <a 'java/lang/ClassNotFoundException': com/zhaoyanyang/dfss/test/TestSlaveNodeCustomizer> (0x0000000787481480) thrown at [C:\re\workspace\8-2-build-windows-amd64-cygwin\jdk8u144\9417\hotspot\src\share\vm\classfile\systemDictionary.cpp, line 210]

Events (10 events):
Event: 9.533 loading class net/contentobjects/jnotify/win32/IWin32NotifyListener
Event: 9.533 loading class net/contentobjects/jnotify/win32/IWin32NotifyListener done
Event: 9.534 loading class net/contentobjects/jnotify/win32/JNotifyAdapterWin32$1
Event: 9.534 loading class net/contentobjects/jnotify/win32/JNotifyAdapterWin32$1 done
Event: 9.534 loading class net/contentobjects/jnotify/win32/JNotify_win32
Event: 9.534 loading class net/contentobjects/jnotify/win32/JNotify_win32 done
Event: 9.535 loading class net/contentobjects/jnotify/win32/JNotifyException_win32
Event: 9.535 loading class net/contentobjects/jnotify/win32/JNotifyException_win32 done
Event: 9.538 loading class net/contentobjects/jnotify/win32/JNotifyAdapterWin32$WatchData
Event: 9.538 loading class net/contentobjects/jnotify/win32/JNotifyAdapterWin32$WatchData done


Dynamic libraries:
0x00007ff7bae60000 - 0x00007ff7bae97000 	D:\jre\bin\javaw.exe
0x00007ffe23820000 - 0x00007ffe23a10000 	C:\WINDOWS\SYSTEM32\ntdll.dll
0x00007ffe236c0000 - 0x00007ffe23772000 	C:\WINDOWS\System32\KERNEL32.DLL
0x00007ffe211f0000 - 0x00007ffe21493000 	C:\WINDOWS\System32\KERNELBASE.dll
0x00007ffe223e0000 - 0x00007ffe22483000 	C:\WINDOWS\System32\ADVAPI32.dll
0x00007ffe22500000 - 0x00007ffe2259e000 	C:\WINDOWS\System32\msvcrt.dll
0x00007ffe21e10000 - 0x00007ffe21ea7000 	C:\WINDOWS\System32\sechost.dll
0x00007ffe21eb0000 - 0x00007ffe21fd0000 	C:\WINDOWS\System32\RPCRT4.dll
0x00007ffe22000000 - 0x00007ffe22194000 	C:\WINDOWS\System32\USER32.dll
0x00007ffe214d0000 - 0x00007ffe214f1000 	C:\WINDOWS\System32\win32u.dll
0x00007ffe21fd0000 - 0x00007ffe21ff6000 	C:\WINDOWS\System32\GDI32.dll
0x00007ffe20f90000 - 0x00007ffe21124000 	C:\WINDOWS\System32\gdi32full.dll
0x00007ffe21130000 - 0x00007ffe211ce000 	C:\WINDOWS\System32\msvcp_win.dll
0x00007ffe21700000 - 0x00007ffe217fa000 	C:\WINDOWS\System32\ucrtbase.dll
0x00007ffe13300000 - 0x00007ffe13585000 	C:\WINDOWS\WinSxS\amd64_microsoft.windows.common-controls_6595b64144ccf1df_6.0.18362.720_none_e6beb5c51314836b\COMCTL32.dll
0x00007ffe21a10000 - 0x00007ffe21d46000 	C:\WINDOWS\System32\combase.dll
0x00007ffe21850000 - 0x00007ffe218d0000 	C:\WINDOWS\System32\bcryptPrimitives.dll
0x00007ffe22620000 - 0x00007ffe2264e000 	C:\WINDOWS\System32\IMM32.DLL
0x000000006dce0000 - 0x000000006ddb2000 	D:\jre\bin\msvcr100.dll
0x000000006c680000 - 0x000000006cf1d000 	D:\jre\bin\server\jvm.dll
0x00007ffe21d50000 - 0x00007ffe21d58000 	C:\WINDOWS\System32\PSAPI.DLL
0x00007ffe1cb70000 - 0x00007ffe1cb94000 	C:\WINDOWS\SYSTEM32\WINMM.dll
0x00007ffe1b050000 - 0x00007ffe1b05a000 	C:\WINDOWS\SYSTEM32\VERSION.dll
0x00007ffe0f200000 - 0x00007ffe0f209000 	C:\WINDOWS\SYSTEM32\WSOCK32.dll
0x00007ffe229b0000 - 0x00007ffe22a1f000 	C:\WINDOWS\System32\WS2_32.dll
0x00007ffe1cb40000 - 0x00007ffe1cb6d000 	C:\WINDOWS\SYSTEM32\winmmbase.dll
0x00007ffe21800000 - 0x00007ffe2184a000 	C:\WINDOWS\System32\cfgmgr32.dll
0x000000006dcd0000 - 0x000000006dcdf000 	D:\jre\bin\verify.dll
0x000000006d0c0000 - 0x000000006d0e9000 	D:\jre\bin\java.dll
0x000000006dcb0000 - 0x000000006dcc6000 	D:\jre\bin\zip.dll
0x00007ffe22fd0000 - 0x00007ffe236b5000 	C:\WINDOWS\System32\SHELL32.dll
0x00007ffe21960000 - 0x00007ffe21a09000 	C:\WINDOWS\System32\shcore.dll
0x00007ffe20810000 - 0x00007ffe20f90000 	C:\WINDOWS\System32\windows.storage.dll
0x00007ffe20780000 - 0x00007ffe207a3000 	C:\WINDOWS\System32\profapi.dll
0x00007ffe20710000 - 0x00007ffe2075a000 	C:\WINDOWS\System32\powrprof.dll
0x00007ffe206e0000 - 0x00007ffe206f0000 	C:\WINDOWS\System32\UMPDC.dll
0x00007ffe23780000 - 0x00007ffe237d2000 	C:\WINDOWS\System32\shlwapi.dll
0x00007ffe206f0000 - 0x00007ffe20701000 	C:\WINDOWS\System32\kernel.appcore.dll
0x00007ffe211d0000 - 0x00007ffe211e7000 	C:\WINDOWS\System32\cryptsp.dll
0x000000006d0a0000 - 0x000000006d0ba000 	D:\jre\bin\net.dll
0x00007ffe1ff20000 - 0x00007ffe1ff87000 	C:\WINDOWS\system32\mswsock.dll
0x00007ffe1fc30000 - 0x00007ffe1fc6a000 	C:\WINDOWS\SYSTEM32\IPHLPAPI.DLL
0x00007ffe21930000 - 0x00007ffe21938000 	C:\WINDOWS\System32\NSI.dll
0x00007ffe1a070000 - 0x00007ffe1a086000 	C:\WINDOWS\SYSTEM32\dhcpcsvc6.DLL
0x00007ffe1a030000 - 0x00007ffe1a04c000 	C:\WINDOWS\SYSTEM32\dhcpcsvc.DLL
0x00007ffe1fc70000 - 0x00007ffe1fd3a000 	C:\WINDOWS\SYSTEM32\DNSAPI.dll
0x000000006d030000 - 0x000000006d03d000 	D:\jre\bin\management.dll
0x000000006d080000 - 0x000000006d091000 	D:\jre\bin\nio.dll
0x00007ffe155c0000 - 0x00007ffe155ca000 	C:\Windows\System32\rasadhlp.dll
0x00007ffe194d0000 - 0x00007ffe19547000 	C:\WINDOWS\System32\fwpuclnt.dll
0x00007ffe214a0000 - 0x00007ffe214c6000 	C:\WINDOWS\System32\bcrypt.dll
0x00007ffe0c390000 - 0x00007ffe0c3a6000 	C:\WINDOWS\system32\napinsp.dll
0x00007ffe0c370000 - 0x00007ffe0c38a000 	C:\WINDOWS\system32\pnrpnsp.dll
0x00007ffe0c280000 - 0x00007ffe0c28e000 	C:\WINDOWS\System32\winrnr.dll
0x00007ffe1cfb0000 - 0x00007ffe1cfcc000 	C:\WINDOWS\system32\NLAapi.dll
0x00007ffe09ba0000 - 0x00007ffe09bb5000 	C:\WINDOWS\system32\wshbth.dll
0x00007ffe1fa90000 - 0x00007ffe1fac3000 	C:\WINDOWS\system32\rsaenh.dll
0x00007ffe20600000 - 0x00007ffe20625000 	C:\WINDOWS\SYSTEM32\USERENV.dll
0x00007ffe200f0000 - 0x00007ffe200fc000 	C:\WINDOWS\SYSTEM32\CRYPTBASE.dll
0x0000000067540000 - 0x000000006764f000 	D:\jre\bin\jnotify_64bit.dll
0x00007ffe1f0b0000 - 0x00007ffe1f2a4000 	C:\WINDOWS\SYSTEM32\dbghelp.dll

VM Arguments:
jvm_args: -ea -Dfile.encoding=UTF-8 
java_command: org.eclipse.jdt.internal.junit.runner.RemoteTestRunner -version 3 -port 56801 -testLoaderClass org.eclipse.jdt.internal.junit4.runner.JUnit4TestLoader -loaderpluginname org.eclipse.jdt.junit4.runtime -classNames com.zhaoyanyang.dfss.test.TestSlaveNode
java_class_path (initial): E:\毕业设计项目代码\coding\dfss-slave-node\target\test-classes;E:\毕业设计项目代码\coding\dfss-slave-node\target\classes;E:\毕业设计项目代码\项目管理工具\maven\repository\org\springframework\boot\spring-boot-starter-web\2.0.3.RELEASE\spring-boot-starter-web-2.0.3.RELEASE.jar;E:\毕业设计项目代码\项目管理工具\maven\repository\org\springframework\boot\spring-boot-starter\2.0.3.RELEASE\spring-boot-starter-2.0.3.RELEASE.jar;E:\毕业设计项目代码\项目管理工具\maven\repository\org\springframework\boot\spring-boot\2.0.3.RELEASE\spring-boot-2.0.3.RELEASE.jar;E:\毕业设计项目代码\项目管理工具\maven\repository\org\springframework\boot\spring-boot-autoconfigure\2.0.3.RELEASE\spring-boot-autoconfigure-2.0.3.RELEASE.jar;E:\毕业设计项目代码\项目管理工具\maven\repository\org\springframework\boot\spring-boot-starter-logging\2.0.3.RELEASE\spring-boot-starter-logging-2.0.3.RELEASE.jar;E:\毕业设计项目代码\项目管理工具\maven\repository\ch\qos\logback\logback-classic\1.2.3\logback-classic-1.2.3.jar;E:\毕业设计项目代码\项目管理工具\maven\repository\ch\qos\logback\logback-core\1.2.3\logback-core-1.2.3.jar;E:\毕业设计项目代码\项目管理工具\maven\repository\org\apache\logging\log4j\log4j-to-slf4j\2.10.0\log4j-to-slf4j-2.10.0.jar;E:\毕业设计项目代码\项目管理工具\maven\repository\org\apache\logging\log4j\log4j-api\2.10.0\log4j-api-2.10.0.jar;E:\毕业设计项目代码\项目管理工具\maven\repository\org\slf4j\jul-to-slf4j\1.7.25\jul-to-slf4j-1.7.25.jar;E:\毕业设计项目代码\项目管理工具\maven\repository\javax\annotation\javax.annotation-api\1.3.2\javax.annotation-api-1.3.2.jar;E:\毕业设计项目代码\项目管理工具\maven\repository\org\yaml\snakeyaml\1.19\snakeyaml-1.19.jar;E:\毕业设计项目代码\项目管理工具\maven\repository\org\springframework\boot\spring-boot-starter-json\2.0.3.RELEASE\spring-boot-starter-json-2.0.3.RELEASE.jar;E:\毕业设计项目代码\项目管理工具\maven\repository\com\fasterxml\jackson\core\jackson-databind\2.9.6\jackson-databind-2.9.6.jar;E:\毕业设计项目代码\项目管理工具\
Launcher Type: SUN_STANDARD

Environment Variables:
JAVA_HOME=D:\java\jdk
CLASSPATH=.;D:\java\jdk\lib\dt.jar;D:\java\jdk\lib\tools.jar;
PATH=D:\6程序安装目录\;C:\Program Files (x86)\NetSarang\Xftp 6\;C:\ProgramData\Oracle\Java\javapath;C:\Windows\system32;C:\Windows;C:\Windows\System32\Wbem;C:\Windows\System32\WindowsPowerShell\v1.0\;C:\Program Files (x86)\NVIDIA Corporation\PhysX\Common;C:\Program Files\Microsoft SQL Server\130\Tools\Binn\;C:\Program Files (x86)\Microsoft SQL Server\100\Tools\Binn\;C:\Program Files\Microsoft SQL Server\100\Tools\Binn\;D:\java\jdk\bin;D:\AnacondaPython;C:\WINDOWS\system32;C:\WINDOWS;C:\WINDOWS\System32\Wbem;C:\WINDOWS\System32\WindowsPowerShell\v1.0\;C:\WINDOWS\System32\OpenSSH\;C:\Program Files (x86)\Tesseract-OCR;D:\AnacondaPython\Scripts;D:\AnacondaPython\Library\bin;D:\apache-ant-1.10.5\bin;D:\cmake-3.11.4-win64-x64\bin;C:\Program Files (x86)\scala\bin;D:\AnacondaPython\Lib\site-packages\django;D:\AnacondaPython\Lib\site-packages\django\bin;D:\OpenCV3\opencv\build\bin;D:\OpenCV3\opencv\build\x64\vc14\bin;D:\Git\cmd;C:\Users\yangzy\AppData\Local\Android\Sdk\platform-tools;D:\Microsoft VS Code\bin;E:\毕业设计项目代码\项目管理工具\maven\bin;E:\毕业设计项目代码\配置服务器和消息中间件\rabbitmq\erlang\erl7.1\bin;C:\Program Files\Intel\WiFi\bin\;C:\Program Files\Common Files\Intel\WirelessCommon\;C:\Program Files (x86)\Intel\Intel(R) Management Engine Components\DAL;C:\Program Files\Intel\Intel(R) Management Engine Components\DAL;C:\Users\yangzy\AppData\Local\Microsoft\WindowsApps;D:\Microsoft VS Code\bin;;C:\Users\yangzy\AppData\Local\Programs\Fiddler;D:\Intel\IntelliJ IDEA 2018.3.2\bin;;C:\Users\yangzy\AppData\Local\Microsoft\WindowsApps
USERNAME=yangzy
OS=Windows_NT
PROCESSOR_IDENTIFIER=Intel64 Family 6 Model 94 Stepping 3, GenuineIntel



---------------  S Y S T E M  ---------------

OS: Windows 10.0 , 64 bit Build 18362 (10.0.18362.329)

CPU:total 4 (initial active 4) (4 cores per cpu, 1 threads per core) family 6 model 94 stepping 3, cmov, cx8, fxsr, mmx, sse, sse2, sse3, ssse3, sse4.1, sse4.2, popcnt, avx, avx2, aes, clmul, erms, rtm, 3dnowpref, lzcnt, tsc, tscinvbit, bmi1, bmi2, adx

Memory: 4k page, physical 12430224k(5473536k free), swap 13664908k(2991352k free)

vm_info: Java HotSpot(TM) 64-Bit Server VM (25.144-b01) for windows-amd64 JRE (1.8.0_144-b01), built on Jul 21 2017 21:57:33 by "java_re" with MS VC++ 10.0 (VS2010)

time: Mon Apr 06 22:36:03 2020
elapsed time: 9 seconds (0d 0h 0m 9s)

